          1.0212         1.01412       -0.278002
       -0.066118         1.90711       -0.144791
         1.24674        0.083502        -0.32364
       -0.859901         1.19225       -0.347644
        0.821974        0.985546        -1.20424
         1.63489       -0.380293       -0.580143
         1.94134        0.595509      -0.0856308
        -2.42102        0.632538        0.463362
        0.305774       -0.604559        0.281168
       -0.534699         1.12469       -0.243763
       -0.506824        -2.00327        0.622791
        0.973998       0.0570568       -0.733564
       -0.380857        0.182368         0.22327
       -0.213494         0.50038         1.39673
       -0.741515       -0.776075        0.873051
        -1.05929      0.00656377       -0.708515
        0.616758          0.6548       -0.296484
        -1.07687       0.0634821       -0.520555
        0.388894          1.3084       -0.232517
       -0.823095        -0.98699        0.523815
       -0.103298        0.141444         1.09381
        0.116856          1.0309         1.81536
        0.167498       -0.203693        0.494729
        0.446147       -0.364475        0.672032
         1.52189        0.442051       -0.739683
        0.607064        0.141461       -0.485167
         1.61622        0.447964       -0.304661
       -0.689441        -1.76824         1.65326
        0.145968      -0.0590045        -1.08816
        0.187874        0.370703       -0.432627
        -0.21412       -0.593274        0.391166
        0.936839        0.152072       -0.293073
       -0.744609        0.654701       -0.457258
      -0.0421994        0.273842         1.32613
        0.705004         1.03116        0.632257
       -0.804487        0.671656       -0.352966
        0.914662           1.277        -1.14348
        -0.48298        -1.13679       -0.958928
        0.377986      -0.0798274       -0.699674
         1.98605       -0.212493       -0.177549
       -0.251141        0.492416       -0.214246
        0.597351       0.0616735        -1.38397
        0.773136         1.37422      -0.0408902
       -0.135344       -0.147979       0.0603193
      -0.0809747          -1.052        -1.33967
        -1.75765       -0.365135        0.802059
       -0.564498       -0.862918        -1.03819
        0.357072        0.825115       -0.982788
        0.847383        0.627732       0.0485662
       -0.686805        0.901412       -0.792862
        -1.63033        -1.90741        -1.13958
         1.84516        0.585499        0.431957
        0.884135       -0.540813         0.90585
        -1.47236        -1.37286        -1.77652
        -1.22911        0.253689       -0.733953
       -0.851435        0.195134        0.455184
       -0.377882          1.0751      -0.0659136
       -0.727306        -1.12571      -0.0220929
       -0.082326       -0.847881        0.591917
        -0.16221        -1.80214          -1.115
        0.238389       -0.556312        -2.14197
        0.291692        0.239033         1.17487
        -1.68151      -0.0934271        0.198456
       -0.117278       -0.323279        0.621279
       -0.259944         0.37566       -0.236244
        -1.02581        -0.52741        0.128642
       -0.560242        0.998812       -0.100043
        0.553094        0.962689        -1.39017
        0.272247       -0.863974        0.869659
        0.311054        0.428706        0.282542
     -0.00120896        -3.12665       -0.131467
        -0.43249       -0.449959         1.54027
        0.733508       -0.229288        0.674496
       -0.729765       -0.331801         1.11491
       -0.413241       0.0460581        -0.52978
          1.2517        -1.61289        0.111859
        -1.01325        0.162409         2.00666
       -0.261127       -0.337102       -0.351593
      -0.0423062        -1.12521         0.84027
         2.33735       -0.468533       -0.354386
       -0.857774       -0.454161        0.443319
         -1.9299         1.39092       -0.476064
        0.428721        -1.96694       -0.579461
        -1.26747       -0.517084       -0.761463
        -1.39859        0.682939        0.368149
        -1.90715        0.157126         2.15782
         1.14677        0.354484        0.669511
      -0.0773747       -0.316623        -0.58234
        0.644332      -0.0801569       -0.603375
       -0.127286        0.335461        0.100273
      -0.0932007          1.9687        0.141096
         1.37825         0.14063       -0.512376
       -0.362948        0.738048         2.36338
        0.542221        0.545939         1.57408
          2.1376        0.406657       -0.346047
         1.26594          0.2975      -0.0142123
          0.9609       0.0939967       -0.283502
        0.313985        0.539576       0.0810963
       -0.437013       -0.342956       -0.962307
       -0.218044        0.142703         1.20464
        -1.17832        -1.10275        0.448274
       -0.362709       -0.535204        0.193484
        0.117489        0.370399        0.297211
        0.383494        0.891085        -1.05236
       -0.259854       -0.654812        -1.23208
       -0.351468         0.47456       -0.124607
        0.729396       -0.341673       -0.374115
       -0.882533       -0.527354         1.25333
