        0.445967       -0.303559      -0.0194529
        0.163196        0.865261         2.04664
        -1.47296       0.0502566        0.291324
       -0.164045          0.3564        0.918743
        0.143663         1.48644         0.28923
       -0.267667        0.109778         2.99215
         1.26589       -0.264791        -1.63036
       -0.488174        0.132282         1.23478
        -1.69567       -0.555517       -0.632177
        -2.02935       -0.359007        0.731657
       -0.904078        -0.66499       -0.402255
        0.831547        -2.28719       -0.051854
         1.40458        0.336704         1.70333
        0.792061         1.08675        -0.21083
         1.71534          2.2145        -1.46189
       -0.686505         1.20095         1.26544
       -0.432498         -1.3425        0.777703
         0.71874      -0.0307466         0.62865
       -0.818877      -0.0419523         1.94485
       -0.868267       0.0285215       -0.588931
       -0.551898        0.403744        -1.58195
       -0.162683        0.469333        -1.34489
        -1.29225       -0.388861        -1.53717
        0.433402        -1.27044         0.38034
        -1.42535       -0.738066       -0.860665
        -1.70217        -1.56175        0.223754
       -0.109282        -1.60355         -1.3369
        0.756522       -0.382875       0.0213179
        0.866794        -1.18564      0.00420712
        0.382548      -0.0378691        -1.54609
       -0.447684         0.29616       -0.689105
        -0.15026        -1.47358       -0.264382
        -1.13079       0.0206489       -0.131746
        0.533945        -1.45885       -0.449004
         1.82254        -2.51912        -1.15528
        0.124283        -0.55152        0.876621
         1.04046        0.501012       -0.958301
        0.791728        0.657459       -0.169407
         1.61371        0.278742        0.603568
        -2.08317        0.628746        0.750672
       -0.220295         1.27272        -0.73019
       -0.524103       -0.686351        -0.18907
        0.642738        0.232458       -0.747323
        -1.15548        0.032692         2.35352
         1.24159       -0.955851        0.679242
        0.617984        -1.55471        0.313189
        0.443054       0.0267963        -1.29692
        0.136129        -1.07291     -0.00128394
         -1.5649        -1.11336        -0.45299
       -0.989818         1.25322        0.409424
       -0.662202        -1.61001        -0.79523
        0.597876         1.05973         1.15533
        0.720908        0.769591        -0.39367
         0.64343         1.93769       -0.315427
        -1.13853       -0.442472        0.492682
         2.22906        -2.56661       -0.522378
         1.20019       -0.249038        0.377078
        0.963974        -1.41656        -1.81238
        0.990328        -1.83566       -0.816352
       0.0337271        0.282543         1.21805
     -0.00754084        0.547637        -2.06474
        0.809014       -0.568273        0.650445
        -1.85679        0.983034        0.802852
       -0.211153      -0.0143533         0.66456
        0.884293         1.25521         2.33885
       -0.850438          1.4474       -0.846274
       -0.593121       -0.276839          0.3024
        -1.25848         1.47614       -0.312769
        0.829791       -0.635434        -0.27693
       -0.797431       -0.787098        -1.37116
         1.38079         1.06628        0.067444
       -0.176275        -1.73293        -0.13154
        -1.49465        0.135581       -0.197048
        0.368675         2.78481        0.396091
        0.331932        0.408717         1.13263
       0.0658433        0.410403     -0.00658271
         1.11258       -0.324138        0.241348
         1.17305        0.188735         0.53928
       -0.361272         1.52733        -1.10413
        -2.02564        0.593637        0.545489
        -1.08767       0.0363534         1.72095
        0.180337        -0.59514       -0.937128
         1.52363        -1.87303        -2.32095
       -0.492579         1.20635        0.645265
        -1.11384        -1.05865        0.856135
        -1.24951        0.961644       -0.571156
        -2.12688         1.10985       -0.934828
        0.318109         1.27363       -0.481562
       -0.405896         1.49257        0.904731
         1.47139       -0.371176        0.819106
        -1.96503       0.0247374        -2.52656
       0.0921453        0.219038         1.00267
        0.623693         2.42395       -0.609314
        0.484204       0.0561362         1.19276
         1.12116        0.640688        0.788545
         1.32238       -0.315761        -0.93697
        -1.12771         1.88065        0.713222
         1.04363        0.496566        0.765742
         1.31301        0.950945        -1.23558
         2.02154         0.55359        -1.28517
        -1.20442        -2.48314         1.51629
        0.181241        -2.03204      0.00349363
        -1.54184        0.800389        0.184458
        -1.07922       -0.406253        0.786375
         1.45532    -0.000799899          -1.089
       0.0395149       -0.297766        0.668327
         1.51825         1.59486       -0.193244
        0.192891       -0.239282       -0.404453
