        -1.10102        -2.26987        0.319341
      -0.0349358      -0.0171231         2.34864
       -0.301367        -1.33385         1.22901
        0.864048        -1.07665          1.2146
       -0.571415        -1.50522        0.222494
        0.360289       -0.793448         1.24025
       -0.183928        -0.53693        0.983176
      -0.0977443        -1.49716       -0.643976
        -1.28844        -1.75896        0.995554
        0.386277        -0.65225        0.407345
        0.858196       -0.501584       -0.570933
         2.26468        0.122293        0.222668
        0.919687         1.00564       -0.287274
       -0.450498         -1.2797      -0.0916876
        0.013998         1.02621        0.174874
       -0.695708        0.284747        0.466823
         1.11944        -1.43729        0.743446
       -0.873632        0.880045       -0.413012
         1.26516         0.95161        0.148595
      -0.0124651        -1.00908       0.0218934
        -0.96212       0.0105639       -0.366395
        -1.31626         1.30817       -0.716422
        0.509625       -0.552643        0.441684
        -1.04762       -0.332195       -0.589997
        0.361752        0.511639       -0.584179
        0.467096        -1.65784         0.03021
        0.693958       0.0871751       -0.140107
        0.681316        0.386938       -0.277171
       -0.935837       -0.830724        0.419045
        -0.67272        0.976002       -0.663057
        -1.81844        -1.45748        0.368176
        0.436574         1.91088       -0.608242
       -0.795149        -0.39226         -2.7999
       0.0960431        0.585019        -1.00115
        0.191562       -0.169087       -0.193804
        -1.45957        -1.26665      -0.0471749
        0.552443         1.28317        0.665147
         1.01848        0.498833       -0.977997
         1.92028       -0.316259         0.73056
        -1.63784        -1.32705       -0.572665
         1.79349         1.45863         1.00784
         1.14688       -0.176016       0.0682672
       -0.471258         1.56533       -0.502654
        0.435196         1.92276       -0.448225
        0.493313       -0.560092        0.813321
      0.00717349       -0.668454        -1.52801
        -2.72329       0.0971159        -1.11005
        0.531142       -0.991616         2.29142
         -1.2087       -0.903729         1.87267
         1.33001        0.291157         1.12486
        -1.86528         1.08283         1.07038
         1.26687        0.193192       -0.941609
         1.00793       -0.526175       -0.114463
       -0.699302        0.827837        -1.17005
         1.62022      -0.0144913       -0.156287
        0.376763        -1.01443        0.124361
        -1.02307         0.48083       -0.497979
        0.384118       -0.324412         1.57609
         1.50002        0.684491       -0.195001
         1.18669       -0.629404       -0.740271
        -1.16137         1.10088       0.0537164
        0.013056       -0.527456        0.503966
       -0.315571        0.860581        0.668062
        0.464496        0.664364       -0.688222
       -0.464648       -0.529118        -1.36688
        -1.02674       -0.159141       -0.505266
        -2.04874        -1.03566        -2.50931
       -0.966841        0.222776        -1.03446
         1.17246        0.160987        -2.29071
        0.172812        0.198215        -1.52983
         1.06252        0.241689       -0.450056
       -0.360259       -0.861792        -0.23183
        0.397063       -0.171316        -1.09792
         -1.0772        -1.67162        0.228122
        0.943834       -0.414823          2.4035
      -0.0503626         1.62272         1.15784
       -0.118218        -1.13038       -0.685697
         1.01487        0.939881         -2.1491
       -0.158077      -0.0929878       -0.925708
        -1.60424       -0.389494       -0.430694
          1.0298        0.147797        0.610502
        -1.85098       -0.874335         1.31638
        0.792353         1.61431        0.212001
       -0.864796        0.276554        0.112313
        0.852423        0.393082        0.129156
        0.421579        0.757927       -0.759585
         2.34524         2.92697         1.31431
        -1.24004        -1.08389       -0.729162
        0.249599         2.39061        0.837769
        -1.15623          1.3849        0.156728
        0.356346       -0.757403         2.83729
       -0.803246         1.21348        0.504185
         -1.0538       -0.741598       -0.182665
       -0.680958       -0.581667         -1.0164
     -0.00675145        0.782343       -0.495067
       -0.884362       -0.626239        0.245527
         -1.2816        0.999716        -1.75413
       -0.947984        0.327041        0.397724
         1.17497       -0.605874         1.83276
           1.383       -0.863901       -0.458291
         1.47441       0.0902396        0.162531
        -1.02917        0.360607        0.818761
        -1.00577        0.730449       -0.421332
       -0.657736       -0.225523        0.487004
        0.746903         1.54066        -1.02231
        0.978407        -1.68443        -0.50713
        0.907978         2.17961       -0.029095
         1.04846        0.247278         1.88769
