       -0.503857         2.17618        0.731931
       -0.500764        0.876535        0.742684
         1.98447       -0.667399         1.25445
         1.04871        0.775275         1.21453
        0.579305       -0.909464       -0.580792
       -0.569176        0.276943       -0.522364
        0.745153       -0.565752        0.865029
         1.63973        -1.00734         0.35075
         0.68735        0.468549        -0.19439
        -3.53146       -0.835014        0.902575
        0.224574        0.475259        0.418555
       -0.212225       -0.859548       -0.314094
        0.338647       -0.920437         1.02532
        -3.23333        -1.32213        -1.08289
        -1.96895        0.141755       -0.875536
        -1.02913        0.335556        0.747283
        -1.25482       -0.299728         1.15335
        0.389261       -0.622613        -3.24222
       -0.556742         1.32125        0.706154
         2.45441         1.40581       -0.509274
         1.00299        -1.42668        -1.50926
        -1.45683        0.677329       -0.653969
        0.749617       -0.167282       -0.255412
        -2.08092      -0.0752677         1.41619
       -0.886452       0.0357838        -1.09081
        -0.62504         0.24599        0.576399
         1.75519        -1.29792       -0.451242
        0.836132        0.631112         0.72854
        -0.65668       -0.143992      -0.0763706
        0.341248        0.369862         1.29284
        -1.44737         1.96221         1.22231
        -1.07296       -0.108639        0.722125
       -0.544208       -0.166583       0.0281071
        -2.79688       -0.646141        0.722572
       0.0436197       -0.673205        0.315476
       -0.079178       -0.354511       0.0343793
        0.945664       -0.241111      -0.0863769
          -1.882       -0.100258        0.530386
        -0.65348       -0.625043         1.42112
        0.696586       0.0624966        -1.72749
         2.15527        -1.00144       0.0670215
        -1.20515        -2.01281        -1.79617
        -1.85769       -0.826565        -1.33031
       -0.201551        0.922522        -1.45758
         1.41259         0.31485        0.149755
        0.565195         1.93901       -0.529118
       -0.335868       -0.374732        0.623248
        0.512256       -0.876974       -0.535132
        -2.65504        0.141684        0.482529
        0.011857       -0.136671       0.0170081
        -1.09022        0.379433         1.06789
     -0.00533063        -0.79614        -3.24394
          2.9195        -2.01239       -0.670109
        -2.78051      -0.0509052       -0.113024
       -0.486419       -0.140501         0.61359
        -1.88771        0.521446        0.455529
         1.09577         -1.6254       -0.372394
         3.36383        -1.54555        -2.02271
        -1.12287        0.484003        -2.00962
        -1.12962          1.5624        0.578689
        0.921723       -0.557116        -1.63391
        0.754159      -0.0209074        0.519876
         1.46424        0.555247       -0.922916
        -1.42887        -2.04384        0.249932
        0.901407        0.760966       -0.799624
        -1.34837      -0.0258275       -0.037462
        -1.16285       -0.699574       -0.318878
        -1.23653         1.46817        0.442852
         2.81549        0.311119        -1.98386
      -0.0515793         1.16964       -0.176312
         1.97827       -0.852676         1.30841
        0.411057         1.27838        0.522248
        0.591854        -1.06141       -0.875612
        0.208053        0.260065       -0.649455
       -0.225839       -0.460686        0.724264
        0.946992         1.05264       -0.811221
         1.05692        0.246804       -0.407869
        0.174062       -0.191838      -0.0820859
        0.528681         2.52364        0.691624
        0.428717       -0.823066        -1.12637
        -0.44056       -0.795618       0.0213096
       -0.189944       -0.395433        0.743988
         1.25654        -1.43835        0.609245
        0.475203        0.469402       -0.660077
         1.40494       -0.719055         1.53408
        0.497111        -1.28648        0.834382
       0.0581011        0.579167        0.183105
        0.314086         1.36961        -1.38974
       -0.460018         2.96073         1.99736
        -1.32289         1.08976       -0.634136
       -0.640206        0.282653         1.24716
        0.644584       -0.634344       -0.598544
         1.60443        -1.32837        0.229219
        0.848084         1.05747       -0.296334
        0.818966       -0.026689       -0.707937
         2.63646       0.0520721       -0.376631
        -0.57114         1.44523       -0.126835
       -0.346971        0.473101      -0.0775188
       -0.150047        -0.94585       -0.821373
        0.417705         1.87127        0.449888
       -0.581858        -1.14562         0.50789
        -1.07251        -0.70986        0.152166
        0.588791        0.377264         1.94002
         -1.6431        0.774225         1.15017
        0.249354      -0.0149584       -0.101124
        -1.10552        0.207278        0.807047
         1.54236        -0.95182         1.26407
         1.24196         1.42637         1.55979
