       -0.689165        -1.66805       -0.915513
         0.42619        -0.44424        0.422558
      -0.0951691        -0.76058        -0.92097
         1.20167       -0.107512        -1.01581
        0.883763       -0.240078       -0.290581
         2.21079        0.983375        0.404546
        -1.04509       -0.827417        0.815301
         1.35427        0.937665         1.98461
       -0.386235        -0.37813        0.408774
       -0.455377        0.872773        0.425382
        0.155961        0.349099        0.967973
         1.28988       -0.605502        -2.03995
        -2.07179        0.240092        0.460342
        0.915039       -0.349294       -0.757423
           0.846       -0.341366         -1.3335
        -1.62791         2.13269       0.0416171
       -0.912628          0.6779       -0.738995
       -0.470644       -0.647307      -0.0855314
       -0.690699         1.02238       -0.642615
         2.07391         0.45745       -0.983489
         1.35064       -0.602637       -0.217374
       -0.869134      -0.0540902        -1.08145
       -0.828937        0.890281         1.42717
        -1.34368        0.149564       -0.623907
         1.57741       -0.623983     -0.00491133
       -0.883987      -0.0822809        -1.46053
        0.299785       -0.214473         1.43984
       -0.735697        0.298897       -0.700908
        0.744502        0.132514        0.516434
       -0.539329       -0.339984         1.32422
         1.33822        0.119134       -0.586318
       -0.923822        0.864813       -0.240415
       -0.118051          0.4295       -0.371342
        -1.34171        -1.44627        0.365046
        0.819367        -1.41465        0.158497
        -1.88527        0.091532       -0.202203
     -0.00355665       -0.942995       -0.868717
       -0.257171        0.284418        0.966926
        0.888865        0.377398        0.559285
         1.26734        0.371662       -0.422414
       -0.194002       -0.309216      -0.0411937
        0.548279       0.0205785         1.28048
         1.67212       -0.783183         1.53866
        0.100603        0.423904        0.769925
       -0.648729       -0.239441        0.188717
        -0.17082        -1.54492        0.112618
        -1.69525         0.97984       -0.799208
       -0.688169       -0.084158       -0.376943
       -0.329281         1.07221       -0.369161
        -2.24597        -1.22011        -0.99093
        0.393402         0.35265         1.58883
         2.15151      -0.0261718        -1.83004
        0.122445       -0.215363       -0.424824
         0.13165        0.474133           2.117
       -0.221651         1.53825        0.586748
        -1.13834       -0.695806        0.460816
       -0.104664        0.143574       -0.796247
        0.719131      -0.0368089        0.984784
         1.64223        0.705491        0.278892
        -1.92296         1.65782         1.43493
          -1.094         -1.4552      0.00611667
         1.91057        0.938872        0.430598
          1.0201        0.310273         -1.5698
        0.411973       -0.223123        0.941134
       -0.894617         -1.5217       -0.571361
         1.19923         1.31909        0.123065
        -2.22943        0.230781        -0.40986
        0.464717        0.550792        0.318052
        0.403909        0.435952       -0.755454
       -0.138841       -0.429981       0.0553993
        0.850807       -0.736771        -0.88623
         1.03381      -0.0797297         1.03344
        0.439533       -0.972322        0.622391
       -0.398128       0.0430531       -0.531969
       0.0188109       -0.702391        0.415659
        -1.05454        -0.73179         1.62839
       0.0412063        0.700855        -1.03457
       -0.634411       -0.918294      -0.0605886
         -0.5055        0.125897       -0.280772
         1.14385       -0.142623        0.500708
       -0.420348        0.330777        -1.68999
        0.356336        0.215429       0.0300344
        -1.35011        -1.04599        0.541937
       -0.245623         1.17739        -1.54547
        0.851733       -0.560637       -0.778449
          1.2538        0.839352        -1.32366
       0.0193415         0.30527      -0.0511537
        0.786585         0.13598        0.613827
       -0.489467         1.91054        0.153895
       -0.944094        0.174076        0.366551
       -0.835207         1.41005         0.52822
         1.25708         1.36269        0.789212
        -1.12636       -0.857557        0.249738
       -0.334788         -1.3779        -0.28884
        0.288455       -0.305935       -0.749532
        0.898667        -1.03591       -0.143862
        -1.07683       -0.763329        0.337825
       -0.823661        0.697932        -1.78558
        0.631895        0.673926         0.10372
       -0.529412        0.226514         1.85291
        0.850626       -0.345486        -1.39845
         -1.2213       -0.222569        0.602807
       -0.368785        0.546783       -0.298522
       0.0955917        -1.47548        0.473062
        0.436798         2.56027        -1.31337
        0.462932        -2.48901       -0.278937
        0.425702       -0.137643         1.97953
       -0.428678       -0.496709          1.1507
